[debug] > Exec(;set _root_.scala.collection.Seq(historyPath := None,shellPrompt := { _ => "" },SettingKey[_root_.scala.Option[_root_.sbt.File]]("sbtStructureOutputFile") in _root_.sbt.Global := _root_.scala.Some(_root_.sbt.file("/private/var/folders/qy/517bz_4515j5ch3fprw_h93r0000gn/T/sbt-structure.xml")),SettingKey[_root_.java.lang.String]("sbtStructureOptions") in _root_.sbt.Global := "download, resolveClassifiers");apply -cp "/Users/leixin/Library/Application Support/JetBrains/IntelliJIdea2022.3/plugins/Scala/repo/org/jetbrains/scala/sbt-structure-extractor_2.12_1.0/2022.3.1/sbt-structure-extractor-2022.3.1.jar" org.jetbrains.sbt.CreateTasks;preferScala2;*/*:dumpStructure, Some(3b9bad2b-6c6d-4fe4-b5d6-60d1ef740183), Some(CommandSource(console0)))
[debug] > Exec(set _root_.scala.collection.Seq(historyPath := None,shellPrompt := { _ => "" },SettingKey[_root_.scala.Option[_root_.sbt.File]]("sbtStructureOutputFile") in _root_.sbt.Global := _root_.scala.Some(_root_.sbt.file("/private/var/folders/qy/517bz_4515j5ch3fprw_h93r0000gn/T/sbt-structure.xml")),SettingKey[_root_.java.lang.String]("sbtStructureOptions") in _root_.sbt.Global := "download, resolveClassifiers"), None, Some(CommandSource(console0)))
[info] Defining Global / sbtStructureOptions, Global / sbtStructureOutputFile and 1 others.
[info] The new values will be used by cleanKeepGlobs
[info] 	Run `last` for details.
[debug] Defining 
[debug] 	Global / sbtStructureOptions
[debug] 	Global / sbtStructureOutputFile
[debug] 	history
[debug] 	shellPrompt
[debug] 
[debug] The new values will be used by 
[debug] 	cleanKeepGlobs
[info] Reapplying settings...
[info] set current project to ScalaTest (in build file:/Users/leixin/openWork/scala_example/ScalaTest/)
[debug] > Exec(apply -cp "/Users/leixin/Library/Application Support/JetBrains/IntelliJIdea2022.3/plugins/Scala/repo/org/jetbrains/scala/sbt-structure-extractor_2.12_1.0/2022.3.1/sbt-structure-extractor-2022.3.1.jar" org.jetbrains.sbt.CreateTasks, None, Some(CommandSource(console0)))
[info] Applying State transformations org.jetbrains.sbt.CreateTasks from /Users/leixin/Library/Application Support/JetBrains/IntelliJIdea2022.3/plugins/Scala/repo/org/jetbrains/scala/sbt-structure-extractor_2.12_1.0/2022.3.1/sbt-structure-extractor-2022.3.1.jar
[info] Reapplying settings...
[info] set current project to ScalaTest (in build file:/Users/leixin/openWork/scala_example/ScalaTest/)
[debug] > Exec(preferScala2, None, Some(CommandSource(console0)))
[debug] > Exec(*/*:dumpStructure, None, Some(CommandSource(console0)))
[debug] Evaluating tasks: Global / dumpStructure
[warn] sbt 0.13 shell syntax is deprecated; use slash syntax instead: Global / dumpStructure
[debug] Running task... Cancel: Signal, check cycles: false, forcegc: true
[info] shutting down sbt server
